<?xml version='1.0' encoding='UTF-8'?>
<testsuites>
<testsuite errors="0" package="" tests="3" name="unit" time="0.000000" hostname="localhost" id="0" timestamp="2019-10-23T11:03:40" failures="0">
<properties/>
<testcase name="avisi.atlassian.connect.crux-test/should-save-host" classname="avisi.atlassian.connect.crux-test" time="0.000000">
</testcase>
<testcase name="avisi.atlassian.connect.crux-test/should-transform-all-host-keys" classname="avisi.atlassian.connect.crux-test" time="0.000000">
</testcase>
<testcase name="avisi.atlassian.connect.jwt-test/str-&gt;input-stream" classname="avisi.atlassian.connect.jwt-test" time="0.000000">
</testcase>
<system-out>
11:03:40.043 [main] WARN  crux.kv.memdb - Using fsync on MemKv has no effect. {  }
11:03:40.579 [crux.tx.event-log-consumer-thread] INFO  crux.hash.jnr - unknown {  }
11:03:40.580 [crux.tx.event-log-consumer-thread] INFO  crux.hash - Using libgcrypt for ID hashing. {  }

</system-out>
<system-err/>
</testsuite>
</testsuites>
